Base path: C:/Program Files (x86)/Unity/Editor/Data
Pipe name: \\.\pipe\UnityShaderCompiler-4-8988
Cmd: getPlatforms
Cmd: compileSnippet
  api=0 type=0 insize=5260 outsize=951 kw=DIRECTIONAL SHADOWS_OFF LIGHTMAP_ON DIRLIGHTMAP_OFF ok=1
Cmd: compileSnippet
  api=1 type=0 insize=5260 outsize=568 kw=DIRECTIONAL SHADOWS_OFF LIGHTMAP_ON DIRLIGHTMAP_ON ok=1
Cmd: compileSnippet
  api=8 type=0 insize=5260 outsize=3640 kw=DIRECTIONAL SHADOWS_OFF LIGHTMAP_ON DIRLIGHTMAP_ON ok=1
Cmd: compileSnippet
  api=0 type=0 insize=5260 outsize=1049 kw=DIRECTIONAL SHADOWS_SCREEN LIGHTMAP_ON DIRLIGHTMAP_OFF ok=1
Cmd: compileSnippet
  api=8 type=0 insize=5260 outsize=4201 kw=DIRECTIONAL SHADOWS_SCREEN LIGHTMAP_ON DIRLIGHTMAP_OFF ok=1
Cmd: compileSnippet
  api=1 type=0 insize=5260 outsize=1569 kw=DIRECTIONAL SHADOWS_OFF LIGHTMAP_OFF DIRLIGHTMAP_OFF VERTEXLIGHT_ON ok=1
Cmd: compileSnippet
  api=1 type=0 insize=5260 outsize=1676 kw=DIRECTIONAL SHADOWS_SCREEN LIGHTMAP_OFF DIRLIGHTMAP_OFF VERTEXLIGHT_ON ok=1
Cmd: compileSnippet
  api=8 type=0 insize=5260 outsize=9336 kw=DIRECTIONAL SHADOWS_SCREEN LIGHTMAP_OFF DIRLIGHTMAP_OFF VERTEXLIGHT_ON ok=1
Cmd: compileSnippet
  api=0 type=1 insize=5260 outsize=738 kw=DIRECTIONAL SHADOWS_OFF LIGHTMAP_ON DIRLIGHTMAP_OFF ok=1
Cmd: compileSnippet
  api=1 type=1 insize=5260 outsize=618 kw=DIRECTIONAL SHADOWS_OFF LIGHTMAP_ON DIRLIGHTMAP_OFF ok=1
Cmd: compileSnippet
  api=0 type=1 insize=5260 outsize=1571 kw=DIRECTIONAL SHADOWS_OFF LIGHTMAP_ON DIRLIGHTMAP_ON ok=1
Cmd: compileSnippet
  api=0 type=1 insize=5260 outsize=1355 kw=DIRECTIONAL SHADOWS_SCREEN LIGHTMAP_OFF DIRLIGHTMAP_OFF ok=1
Cmd: compileSnippet
  api=1 type=1 insize=5260 outsize=1203 kw=DIRECTIONAL SHADOWS_SCREEN LIGHTMAP_OFF DIRLIGHTMAP_OFF ok=1
Cmd: compileSnippet
  api=1 type=1 insize=5260 outsize=769 kw=DIRECTIONAL SHADOWS_SCREEN LIGHTMAP_ON DIRLIGHTMAP_OFF ok=1
Cmd: compileSnippet
  api=4 type=1 insize=5260 outsize=2680 kw=DIRECTIONAL SHADOWS_SCREEN LIGHTMAP_ON DIRLIGHTMAP_OFF ok=1
Cmd: compileSnippet
  api=8 type=1 insize=5260 outsize=6720 kw=DIRECTIONAL SHADOWS_SCREEN LIGHTMAP_ON DIRLIGHTMAP_ON ok=1
Cmd: compileSnippet
  api=8 type=0 insize=3020 outsize=5460 kw=POINT ok=1
Cmd: compileSnippet
  api=0 type=0 insize=3020 outsize=1422 kw=SPOT ok=1
Cmd: compileSnippet
  api=8 type=0 insize=3020 outsize=5460 kw=SPOT ok=1
Cmd: compileSnippet
  api=4 type=0 insize=3020 outsize=3630 kw=DIRECTIONAL_COOKIE ok=1
Cmd: compileSnippet
  api=8 type=1 insize=3020 outsize=4428 kw=POINT ok=1
Cmd: compileSnippet
  api=8 type=1 insize=3020 outsize=5070 kw=SPOT ok=1
Cmd: compileSnippet
  api=4 type=1 insize=3020 outsize=2672 kw=DIRECTIONAL_COOKIE ok=1
Cmd: compileSnippet
  api=8 type=0 insize=2862 outsize=4242 kw= ok=1
Cmd: compileSnippet
  api=8 type=1 insize=2862 outsize=2348 kw= ok=1
Cmd: compileSnippet
  api=0 type=0 insize=4880 outsize=1359 kw=LIGHTMAP_ON DIRLIGHTMAP_OFF HDR_LIGHT_PREPASS_OFF ok=1
Cmd: compileSnippet
  api=1 type=0 insize=4880 outsize=672 kw=LIGHTMAP_ON DIRLIGHTMAP_ON HDR_LIGHT_PREPASS_ON ok=1
Cmd: compileSnippet
  api=8 type=0 insize=4880 outsize=4201 kw=LIGHTMAP_ON DIRLIGHTMAP_ON HDR_LIGHT_PREPASS_ON ok=1
Cmd: compileSnippet
  api=0 type=1 insize=4880 outsize=1222 kw=LIGHTMAP_ON DIRLIGHTMAP_OFF HDR_LIGHT_PREPASS_OFF ok=1
Cmd: compileSnippet
  api=0 type=1 insize=4880 outsize=1662 kw=LIGHTMAP_ON DIRLIGHTMAP_ON HDR_LIGHT_PREPASS_ON ok=1
Cmd: compileSnippet
  api=4 type=1 insize=4880 outsize=4191 kw=LIGHTMAP_ON DIRLIGHTMAP_ON HDR_LIGHT_PREPASS_ON ok=1
Cmd: compileSnippet
  api=1 type=0 insize=636 outsize=212 kw= ok=1
Cmd: compileSnippet
  api=0 type=0 insize=3880 outsize=3936 kw=OCTAVES_4 QUALITY_HIGH SCATTERING_OFF ok=1
Cmd: compileSnippet
  api=4 type=0 insize=3880 outsize=1640 kw=OCTAVES_4 QUALITY_HIGH SCATTERING_OFF ok=1
Cmd: compileSnippet
  api=4 type=0 insize=3880 outsize=1640 kw=SCATTERING_ON QUALITY_HIGH OCTAVES_1 ok=1
Cmd: compileSnippet
  api=0 type=0 insize=3880 outsize=2560 kw=QUALITY_HIGH SCATTERING_OFF OCTAVES_1 ok=1
Cmd: compileSnippet
  api=0 type=0 insize=3880 outsize=4546 kw=SCATTERING_ON QUALITY_HIGH OCTAVES_2 ok=1
Cmd: compileSnippet
  api=4 type=0 insize=3880 outsize=1640 kw=SCATTERING_ON QUALITY_HIGH OCTAVES_2 ok=1
Cmd: compileSnippet
  api=1 type=0 insize=3880 outsize=290 kw=QUALITY_HIGH SCATTERING_OFF OCTAVES_2 ok=1
Cmd: compileSnippet
  api=0 type=0 insize=3880 outsize=3505 kw=QUALITY_HIGH SCATTERING_OFF OCTAVES_3 ok=1
Cmd: compileSnippet
  api=0 type=0 insize=3880 outsize=4384 kw=QUALITY_HIGH SCATTERING_OFF OCTAVES_5 ok=1
Cmd: compileSnippet
  api=0 type=0 insize=3880 outsize=6292 kw=SCATTERING_ON OCTAVES_4 QUALITY_LOW ok=1
Cmd: compileSnippet
  api=0 type=0 insize=3880 outsize=3540 kw=SCATTERING_ON OCTAVES_1 QUALITY_LOW ok=1
Cmd: compileSnippet
  api=1 type=0 insize=3880 outsize=290 kw=SCATTERING_OFF OCTAVES_1 QUALITY_LOW ok=1
Cmd: compileSnippet
  api=0 type=0 insize=3880 outsize=4544 kw=SCATTERING_ON OCTAVES_2 QUALITY_LOW ok=1
Cmd: compileSnippet
  api=1 type=0 insize=3880 outsize=290 kw=SCATTERING_OFF OCTAVES_2 QUALITY_LOW ok=1
Cmd: compileSnippet
  api=4 type=0 insize=3880 outsize=1640 kw=SCATTERING_ON OCTAVES_3 QUALITY_LOW ok=1
Cmd: compileSnippet
  api=1 type=0 insize=3880 outsize=290 kw=SCATTERING_OFF OCTAVES_3 QUALITY_LOW ok=1
Cmd: compileSnippet
  api=0 type=0 insize=3880 outsize=4383 kw=SCATTERING_OFF OCTAVES_5 QUALITY_LOW ok=1
Cmd: compileSnippet
  api=0 type=0 insize=3880 outsize=3936 kw=OCTAVES_4 SCATTERING_OFF QUALITY_MED ok=1
Cmd: compileSnippet
  api=1 type=0 insize=3880 outsize=290 kw=SCATTERING_ON OCTAVES_1 QUALITY_MED ok=1
Cmd: compileSnippet
  api=4 type=0 insize=3880 outsize=1640 kw=SCATTERING_OFF OCTAVES_1 QUALITY_MED ok=1
Cmd: compileSnippet
  api=0 type=0 insize=3880 outsize=3062 kw=SCATTERING_OFF OCTAVES_2 QUALITY_MED ok=1
Cmd: compileSnippet
  api=0 type=0 insize=3880 outsize=5432 kw=SCATTERING_ON OCTAVES_3 QUALITY_MED ok=1
Cmd: compileSnippet
  api=0 type=0 insize=3880 outsize=7190 kw=SCATTERING_ON OCTAVES_5 QUALITY_MED ok=1
Cmd: compileSnippet
  api=1 type=1 insize=3880 outsize=2203 kw=OCTAVES_4 QUALITY_HIGH SCATTERING_OFF ok=1
Cmd: compileSnippet
  api=0 type=1 insize=3880 outsize=6 kw=QUALITY_HIGH SCATTERING_OFF OCTAVES_1 ok=1
Cmd: compileSnippet
  api=0 type=1 insize=3880 outsize=6 kw=SCATTERING_ON QUALITY_HIGH OCTAVES_2 ok=1
Cmd: compileSnippet
  api=1 type=1 insize=3880 outsize=2604 kw=SCATTERING_ON QUALITY_HIGH OCTAVES_2 ok=1
Cmd: compileSnippet
  api=1 type=1 insize=3880 outsize=1655 kw=QUALITY_HIGH SCATTERING_OFF OCTAVES_2 ok=1
Cmd: compileSnippet
  api=4 type=1 insize=3880 outsize=8091 kw=SCATTERING_ON QUALITY_HIGH OCTAVES_3 ok=1
Cmd: compileSnippet
  api=4 type=1 insize=3880 outsize=9407 kw=SCATTERING_ON OCTAVES_4 QUALITY_LOW ok=1
Cmd: compileSnippet
  api=1 type=1 insize=3880 outsize=2613 kw=SCATTERING_ON OCTAVES_2 QUALITY_LOW ok=1
Cmd: compileSnippet
  api=0 type=1 insize=3880 outsize=6 kw=SCATTERING_ON OCTAVES_3 QUALITY_LOW ok=1
Cmd: compileSnippet
  api=1 type=1 insize=3880 outsize=3112 kw=SCATTERING_ON OCTAVES_3 QUALITY_LOW ok=1
Cmd: compileSnippet
  api=0 type=1 insize=3880 outsize=6 kw=SCATTERING_OFF OCTAVES_3 QUALITY_LOW ok=1
Cmd: compileSnippet
  api=1 type=1 insize=3880 outsize=1926 kw=SCATTERING_OFF OCTAVES_3 QUALITY_LOW ok=1
Cmd: compileSnippet
  api=0 type=1 insize=3880 outsize=6 kw=SCATTERING_ON OCTAVES_5 QUALITY_LOW ok=1
Cmd: compileSnippet
  api=1 type=1 insize=3880 outsize=4210 kw=SCATTERING_ON OCTAVES_5 QUALITY_LOW ok=1
Cmd: compileSnippet
  api=0 type=1 insize=3880 outsize=6 kw=SCATTERING_OFF OCTAVES_5 QUALITY_LOW ok=1
Cmd: compileSnippet
  api=1 type=1 insize=3880 outsize=2468 kw=SCATTERING_OFF OCTAVES_5 QUALITY_LOW ok=1
Cmd: compileSnippet
  api=4 type=1 insize=3880 outsize=9407 kw=SCATTERING_ON OCTAVES_4 QUALITY_MED ok=1
Cmd: compileSnippet
  api=0 type=1 insize=3880 outsize=6 kw=SCATTERING_OFF OCTAVES_2 QUALITY_MED ok=1
Cmd: compileSnippet
  api=1 type=1 insize=3880 outsize=1655 kw=SCATTERING_OFF OCTAVES_2 QUALITY_MED ok=1
Cmd: compileSnippet
  api=4 type=1 insize=3880 outsize=8091 kw=SCATTERING_ON OCTAVES_3 QUALITY_MED ok=1
Unhandled exception: Readfile from pipe failed. GLE=The pipe has been ended.


Quitting shader compiler process
