Base path: C:/Program Files (x86)/Unity/Editor/Data
Pipe name: \\.\pipe\UnityShaderCompiler-3-8992
Cmd: getPlatforms
Cmd: compileSnippet
  api=8 type=0 insize=5260 outsize=6078 kw=DIRECTIONAL SHADOWS_OFF LIGHTMAP_OFF DIRLIGHTMAP_OFF ok=1
Cmd: compileSnippet
  api=1 type=0 insize=5260 outsize=568 kw=DIRECTIONAL SHADOWS_OFF LIGHTMAP_ON DIRLIGHTMAP_OFF ok=1
Cmd: compileSnippet
  api=4 type=0 insize=5260 outsize=2509 kw=DIRECTIONAL SHADOWS_OFF LIGHTMAP_ON DIRLIGHTMAP_OFF ok=1
Cmd: compileSnippet
  api=4 type=0 insize=5260 outsize=2509 kw=DIRECTIONAL SHADOWS_OFF LIGHTMAP_ON DIRLIGHTMAP_ON ok=1
Cmd: compileSnippet
  api=8 type=0 insize=5260 outsize=6590 kw=DIRECTIONAL SHADOWS_SCREEN LIGHTMAP_OFF DIRLIGHTMAP_OFF ok=1
Cmd: compileSnippet
  api=1 type=0 insize=5260 outsize=675 kw=DIRECTIONAL SHADOWS_SCREEN LIGHTMAP_ON DIRLIGHTMAP_ON ok=1
Cmd: compileSnippet
  api=8 type=0 insize=5260 outsize=4201 kw=DIRECTIONAL SHADOWS_SCREEN LIGHTMAP_ON DIRLIGHTMAP_ON ok=1
Cmd: compileSnippet
  api=0 type=0 insize=5260 outsize=2265 kw=DIRECTIONAL SHADOWS_SCREEN LIGHTMAP_OFF DIRLIGHTMAP_OFF VERTEXLIGHT_ON ok=1
Cmd: compileSnippet
  api=1 type=1 insize=5260 outsize=1131 kw=DIRECTIONAL SHADOWS_OFF LIGHTMAP_OFF DIRLIGHTMAP_OFF ok=1
Cmd: compileSnippet
  api=4 type=1 insize=5260 outsize=2135 kw=DIRECTIONAL SHADOWS_OFF LIGHTMAP_ON DIRLIGHTMAP_OFF ok=1
Cmd: compileSnippet
  api=1 type=1 insize=5260 outsize=1427 kw=DIRECTIONAL SHADOWS_OFF LIGHTMAP_ON DIRLIGHTMAP_ON ok=1
Cmd: compileSnippet
  api=8 type=1 insize=5260 outsize=5330 kw=DIRECTIONAL SHADOWS_SCREEN LIGHTMAP_OFF DIRLIGHTMAP_OFF ok=1
Cmd: compileSnippet
  api=1 type=1 insize=5260 outsize=1591 kw=DIRECTIONAL SHADOWS_SCREEN LIGHTMAP_ON DIRLIGHTMAP_ON ok=1
Cmd: compileSnippet
  api=0 type=0 insize=3020 outsize=1385 kw=POINT ok=1
Cmd: compileSnippet
  api=8 type=0 insize=3020 outsize=4307 kw=DIRECTIONAL ok=1
Cmd: compileSnippet
  api=4 type=0 insize=3020 outsize=3720 kw=SPOT ok=1
Cmd: compileSnippet
  api=0 type=0 insize=3020 outsize=1385 kw=POINT_COOKIE ok=1
Cmd: compileSnippet
  api=0 type=0 insize=3020 outsize=1305 kw=DIRECTIONAL_COOKIE ok=1
Cmd: compileSnippet
  api=8 type=0 insize=3020 outsize=5330 kw=DIRECTIONAL_COOKIE ok=1
Cmd: compileSnippet
  api=0 type=1 insize=3020 outsize=927 kw=DIRECTIONAL ok=1
Cmd: compileSnippet
  api=8 type=1 insize=3020 outsize=3778 kw=DIRECTIONAL ok=1
Cmd: compileSnippet
  api=0 type=1 insize=3020 outsize=1156 kw=POINT_COOKIE ok=1
Cmd: compileSnippet
  api=4 type=1 insize=3020 outsize=3013 kw=POINT_COOKIE ok=1
Cmd: compileSnippet
  api=1 type=1 insize=3020 outsize=926 kw=DIRECTIONAL_COOKIE ok=1
Cmd: compileSnippet
  api=1 type=1 insize=2862 outsize=397 kw= ok=1
Cmd: compileSnippet
  api=8 type=0 insize=4880 outsize=5704 kw=LIGHTMAP_OFF DIRLIGHTMAP_OFF HDR_LIGHT_PREPASS_OFF ok=1
Cmd: compileSnippet
  api=8 type=0 insize=4880 outsize=5688 kw=LIGHTMAP_ON DIRLIGHTMAP_OFF HDR_LIGHT_PREPASS_OFF ok=1
Cmd: compileSnippet
  api=4 type=0 insize=4880 outsize=2867 kw=LIGHTMAP_ON DIRLIGHTMAP_ON HDR_LIGHT_PREPASS_OFF ok=1
Cmd: compileSnippet
  api=0 type=0 insize=4880 outsize=1406 kw=LIGHTMAP_OFF DIRLIGHTMAP_OFF HDR_LIGHT_PREPASS_ON ok=1
Cmd: compileSnippet
  api=4 type=0 insize=4880 outsize=3842 kw=LIGHTMAP_OFF DIRLIGHTMAP_OFF HDR_LIGHT_PREPASS_ON ok=1
Cmd: compileSnippet
  api=8 type=0 insize=4880 outsize=5704 kw=LIGHTMAP_OFF DIRLIGHTMAP_OFF HDR_LIGHT_PREPASS_ON ok=1
Cmd: compileSnippet
  api=1 type=0 insize=4880 outsize=852 kw=LIGHTMAP_ON DIRLIGHTMAP_OFF HDR_LIGHT_PREPASS_ON ok=1
Cmd: compileSnippet
  api=4 type=0 insize=4880 outsize=3866 kw=LIGHTMAP_ON DIRLIGHTMAP_OFF HDR_LIGHT_PREPASS_ON ok=1
Cmd: compileSnippet
  api=1 type=1 insize=4880 outsize=766 kw=LIGHTMAP_OFF DIRLIGHTMAP_OFF HDR_LIGHT_PREPASS_OFF ok=1
Cmd: compileSnippet
  api=8 type=1 insize=4880 outsize=5265 kw=LIGHTMAP_ON DIRLIGHTMAP_OFF HDR_LIGHT_PREPASS_OFF ok=1
Cmd: compileSnippet
  api=4 type=1 insize=4880 outsize=4240 kw=LIGHTMAP_ON DIRLIGHTMAP_ON HDR_LIGHT_PREPASS_OFF ok=1
Cmd: compileSnippet
  api=0 type=1 insize=4880 outsize=835 kw=LIGHTMAP_OFF DIRLIGHTMAP_OFF HDR_LIGHT_PREPASS_ON ok=1
Cmd: compileSnippet
  api=1 type=1 insize=4880 outsize=694 kw=LIGHTMAP_OFF DIRLIGHTMAP_OFF HDR_LIGHT_PREPASS_ON ok=1
Cmd: compileSnippet
  api=4 type=1 insize=4880 outsize=2485 kw=LIGHTMAP_OFF DIRLIGHTMAP_OFF HDR_LIGHT_PREPASS_ON ok=1
Cmd: compileSnippet
  api=0 type=1 insize=4880 outsize=1152 kw=LIGHTMAP_ON DIRLIGHTMAP_OFF HDR_LIGHT_PREPASS_ON ok=1
Cmd: compileSnippet
  api=4 type=1 insize=4880 outsize=3330 kw=LIGHTMAP_ON DIRLIGHTMAP_OFF HDR_LIGHT_PREPASS_ON ok=1
Cmd: compileSnippet
  api=1 type=1 insize=636 outsize=52 kw= ok=1
Cmd: compileSnippet
  api=1 type=0 insize=3880 outsize=290 kw=OCTAVES_4 QUALITY_HIGH SCATTERING_OFF ok=1
Cmd: compileSnippet
  api=1 type=0 insize=3880 outsize=290 kw=QUALITY_HIGH SCATTERING_OFF OCTAVES_3 ok=1
Cmd: compileSnippet
  api=4 type=0 insize=3880 outsize=1640 kw=SCATTERING_ON QUALITY_HIGH OCTAVES_5 ok=1
Cmd: compileSnippet
  api=4 type=0 insize=3880 outsize=1640 kw=QUALITY_HIGH SCATTERING_OFF OCTAVES_5 ok=1
Cmd: compileSnippet
  api=4 type=0 insize=3880 outsize=1640 kw=SCATTERING_ON OCTAVES_4 QUALITY_LOW ok=1
Cmd: compileSnippet
  api=1 type=0 insize=3880 outsize=290 kw=OCTAVES_4 SCATTERING_OFF QUALITY_LOW ok=1
Cmd: compileSnippet
  api=0 type=0 insize=3880 outsize=2559 kw=SCATTERING_OFF OCTAVES_1 QUALITY_LOW ok=1
Cmd: compileSnippet
  api=1 type=0 insize=3880 outsize=290 kw=SCATTERING_ON OCTAVES_2 QUALITY_LOW ok=1
Cmd: compileSnippet
  api=4 type=0 insize=3880 outsize=1640 kw=SCATTERING_OFF OCTAVES_2 QUALITY_LOW ok=1
Cmd: compileSnippet
  api=1 type=0 insize=3880 outsize=290 kw=SCATTERING_ON OCTAVES_3 QUALITY_LOW ok=1
Cmd: compileSnippet
  api=4 type=0 insize=3880 outsize=1640 kw=SCATTERING_OFF OCTAVES_3 QUALITY_LOW ok=1
Cmd: compileSnippet
  api=4 type=0 insize=3880 outsize=1640 kw=SCATTERING_ON OCTAVES_5 QUALITY_LOW ok=1
Cmd: compileSnippet
  api=0 type=0 insize=3880 outsize=6294 kw=SCATTERING_ON OCTAVES_4 QUALITY_MED ok=1
Cmd: compileSnippet
  api=4 type=0 insize=3880 outsize=1640 kw=OCTAVES_4 SCATTERING_OFF QUALITY_MED ok=1
Cmd: compileSnippet
  api=4 type=0 insize=3880 outsize=1640 kw=SCATTERING_ON OCTAVES_1 QUALITY_MED ok=1
Cmd: compileSnippet
  api=0 type=0 insize=3880 outsize=4546 kw=SCATTERING_ON OCTAVES_2 QUALITY_MED ok=1
Cmd: compileSnippet
  api=1 type=0 insize=3880 outsize=290 kw=SCATTERING_OFF OCTAVES_2 QUALITY_MED ok=1
Cmd: compileSnippet
  api=0 type=0 insize=3880 outsize=3505 kw=SCATTERING_OFF OCTAVES_3 QUALITY_MED ok=1
Cmd: compileSnippet
  api=1 type=0 insize=3880 outsize=290 kw=SCATTERING_ON OCTAVES_5 QUALITY_MED ok=1
Cmd: compileSnippet
  api=0 type=1 insize=3880 outsize=6 kw=SCATTERING_ON OCTAVES_4 QUALITY_HIGH ok=1
Cmd: compileSnippet
  api=4 type=1 insize=3880 outsize=5702 kw=OCTAVES_4 QUALITY_HIGH SCATTERING_OFF ok=1
Cmd: compileSnippet
  api=4 type=1 insize=3880 outsize=5288 kw=SCATTERING_ON QUALITY_HIGH OCTAVES_1 ok=1
Cmd: compileSnippet
  api=0 type=1 insize=3880 outsize=6 kw=QUALITY_HIGH SCATTERING_OFF OCTAVES_2 ok=1
Cmd: compileSnippet
  api=4 type=1 insize=3880 outsize=4386 kw=QUALITY_HIGH SCATTERING_OFF OCTAVES_2 ok=1
Cmd: compileSnippet
  api=4 type=1 insize=3880 outsize=5044 kw=QUALITY_HIGH SCATTERING_OFF OCTAVES_3 ok=1
Cmd: compileSnippet
  api=0 type=1 insize=3880 outsize=6 kw=SCATTERING_ON OCTAVES_4 QUALITY_LOW ok=1
Cmd: compileSnippet
  api=1 type=1 insize=3880 outsize=3693 kw=SCATTERING_ON OCTAVES_4 QUALITY_LOW ok=1
Cmd: compileSnippet
  api=0 type=1 insize=3880 outsize=6 kw=OCTAVES_4 SCATTERING_OFF QUALITY_LOW ok=1
Cmd: compileSnippet
  api=1 type=1 insize=3880 outsize=2202 kw=OCTAVES_4 SCATTERING_OFF QUALITY_LOW ok=1
Cmd: compileSnippet
  api=4 type=1 insize=3880 outsize=5702 kw=OCTAVES_4 SCATTERING_OFF QUALITY_LOW ok=1
Cmd: compileSnippet
  api=0 type=1 insize=3880 outsize=6 kw=SCATTERING_OFF OCTAVES_1 QUALITY_LOW ok=1
Cmd: compileSnippet
  api=4 type=1 insize=3880 outsize=3622 kw=SCATTERING_OFF OCTAVES_1 QUALITY_LOW ok=1
Cmd: compileSnippet
  api=4 type=1 insize=3880 outsize=6775 kw=SCATTERING_ON OCTAVES_2 QUALITY_LOW ok=1
Cmd: compileSnippet
  api=4 type=1 insize=3880 outsize=10723 kw=SCATTERING_ON OCTAVES_5 QUALITY_LOW ok=1
Cmd: compileSnippet
  api=1 type=1 insize=3880 outsize=2063 kw=SCATTERING_ON OCTAVES_1 QUALITY_MED ok=1
Cmd: compileSnippet
  api=0 type=1 insize=3880 outsize=6 kw=SCATTERING_OFF OCTAVES_1 QUALITY_MED ok=1
Cmd: compileSnippet
  api=1 type=1 insize=3880 outsize=1362 kw=SCATTERING_OFF OCTAVES_1 QUALITY_MED ok=1
Cmd: compileSnippet
  api=0 type=1 insize=3880 outsize=6 kw=SCATTERING_ON OCTAVES_2 QUALITY_MED ok=1
Cmd: compileSnippet
  api=1 type=1 insize=3880 outsize=2614 kw=SCATTERING_ON OCTAVES_2 QUALITY_MED ok=1
Cmd: compileSnippet
  api=0 type=1 insize=3880 outsize=6 kw=SCATTERING_ON OCTAVES_3 QUALITY_MED ok=1
Cmd: compileSnippet
  api=1 type=1 insize=3880 outsize=3113 kw=SCATTERING_ON OCTAVES_3 QUALITY_MED ok=1
Cmd: compileSnippet
  api=0 type=1 insize=3880 outsize=6 kw=SCATTERING_OFF OCTAVES_3 QUALITY_MED ok=1
Cmd: compileSnippet
  api=1 type=1 insize=3880 outsize=1927 kw=SCATTERING_OFF OCTAVES_3 QUALITY_MED ok=1
Cmd: compileSnippet
  api=4 type=1 insize=3880 outsize=5044 kw=SCATTERING_OFF OCTAVES_3 QUALITY_MED ok=1
Cmd: compileSnippet
  api=4 type=1 insize=3880 outsize=6360 kw=SCATTERING_OFF OCTAVES_5 QUALITY_MED ok=1
Unhandled exception: Readfile from pipe failed. GLE=The pipe has been ended.


Quitting shader compiler process
